<?xml version="1.0" encoding="UTF-8"?>
<testsuite name="com.schoolvote.schoolvote.ExampleUnitTest" tests="1" skipped="0" failures="0" errors="0" timestamp="2020-09-27T07:51:29" hostname="DESKTOP-39RRV36" time="0.006">
  <properties/>
  <testcase name="addition_isCorrect" classname="com.schoolvote.schoolvote.ExampleUnitTest" time="0.006"/>
  <system-out><![CDATA[]]></system-out>
  <system-err><![CDATA[]]></system-err>
</testsuite>
